{"uid":"d09b7b2e80800bb6","name":"Тестирование интернет-магазина","fullName":"Vakhing_homework_Python.lesson_10.Tests.test_internet_shop#test_internet_shop","historyId":"075d4866f91fb18b9a8e9a18e5217167","time":{"start":1759349342574,"stop":1759349343522,"duration":948},"description":"Тест проверяет корректность работы интернет-магазина","descriptionHtml":"<p>Тест проверяет корректность работы интернет-магазина</p>\n","status":"broken","statusMessage":"selenium.common.exceptions.NoSuchElementException: Message: no such element: Unable to locate element: {\"method\":\"css selector\",\"selector\":\".summary_total_label\"}\n  (Session info: chrome=140.0.7339.208); For documentation on this error, please visit: https://www.selenium.dev/documentation/webdriver/troubleshooting/errors#nosuchelementexception\nStacktrace:\n\tGetHandleVerifier [0x0xd9c333+65459]\n\tGetHandleVerifier [0x0xd9c374+65524]\n\t(No symbol) [0x0xbbd973]\n\t(No symbol) [0x0xc076e7]\n\t(No symbol) [0x0xc07a8b]\n\t(No symbol) [0x0xc4dea2]\n\t(No symbol) [0x0xc29e44]\n\t(No symbol) [0x0xc4b606]\n\t(No symbol) [0x0xc29bf6]\n\t(No symbol) [0x0xbfb38e]\n\t(No symbol) [0x0xbfc274]\n\tGetHandleVerifier [0x0x101eda3+2697763]\n\tGetHandleVerifier [0x0x1019ec7+2677575]\n\tGetHandleVerifier [0x0xdc4194+228884]\n\tGetHandleVerifier [0x0xdb49f8+165496]\n\tGetHandleVerifier [0x0xdbb18d+192013]\n\tGetHandleVerifier [0x0xda47d8+99416]\n\tGetHandleVerifier [0x0xda4972+99826]\n\tGetHandleVerifier [0x0xd8ebea+10346]\n\tBaseThreadInitThunk [0x0x75b55d49+25]\n\tRtlInitializeExceptionChain [0x0x7756d6db+107]\n\tRtlGetAppContainerNamedObjectPath [0x0x7756d661+561]","statusTrace":"browser = <selenium.webdriver.chrome.webdriver.WebDriver (session=\"71a1e66bd2114c9871dfb6214b6cd518\")>\n\n    @allure.title(\"Тестирование интернет-магазина\")\n    @allure.description(\"Тест проверяет корректность работы интернет-магазина\")\n    @allure.feature(\"Интернет-магазин\")\n    @allure.severity(allure.severity_level.CRITICAL)\n    def test_internet_shop(browser):\n        main_shop_page = MainShopPage(browser)\n        with allure.step(\"Авторизация\"):\n            main_shop_page.authorization()\n    \n        products_page = ProductsPage(browser)\n        items_to_add = [\"Sauce Labs Backpack\", \"Sauce Labs Bolt T-Shirt\", \"Sauce Labs Onesie\"]\n        with allure.step(\"Добавление вещей в корзину\"):\n            products_page.add_products(items_to_add)\n        with allure.step(\"Переход в корзину\"):\n            products_page.go_to_cart()\n    \n        cart_page = CartPage(browser)\n        with allure.step(\"Получаем список товаров в корзине и сверяем его с ожидаемыми товарами\"):\n            items_in_cart = cart_page.get_products()\n            assert set(items_in_cart) == set(items_to_add), \"Состав корзины не совпадает с ожидаемым\"\n        with allure.step(\"Нажатие кнопки оформления заказа\"):\n            cart_page.push_checkout()\n    \n        order_page = OrderPage(browser)\n        with allure.step(\"Заполнение формы покупателя\"):\n            order_page.fill_form(\"Black\", \"Cat\", \"707\")\n    \n        with allure.step(\"Сравнение полученной итоговой цены товаров и ожидаемой\"):\n>           actual_price = order_page.check_total_price()\n                           ^^^^^^^^^^^^^^^^^^^^^^^^^^^^^^\n\ntest_internet_shop.py:54: \n_ _ _ _ _ _ _ _ _ _ _ _ _ _ _ _ _ _ _ _ _ _ _ _ _ _ _ _ _ _ _ _ _ _ _ _ _ _ _ _ _ _ _ _ _ _ _ _ _ _ _ _ _ _ _ _ _ _ _ _ _ _ _ _ _ _ _ _ _ _ _ _ _ _ _ _ _ _ _ _ _ _ _ _ _\n..\\Pages\\order_page.py:38: in check_total_price\n    price: str = self._driver.find_element(By.CLASS_NAME, \"summary_total_label\").text\n                 ^^^^^^^^^^^^^^^^^^^^^^^^^^^^^^^^^^^^^^^^^^^^^^^^^^^^^^^^^^^^^^^\nC:\\Users\\Виктория\\AppData\\Local\\Programs\\Python\\Python313\\Lib\\site-packages\\selenium\\webdriver\\remote\\webdriver.py:926: in find_element\n    return self.execute(Command.FIND_ELEMENT, {\"using\": by, \"value\": value})[\"value\"]\n           ^^^^^^^^^^^^^^^^^^^^^^^^^^^^^^^^^^^^^^^^^^^^^^^^^^^^^^^^^^^^^^^^^\nC:\\Users\\Виктория\\AppData\\Local\\Programs\\Python\\Python313\\Lib\\site-packages\\selenium\\webdriver\\remote\\webdriver.py:458: in execute\n    self.error_handler.check_response(response)\n_ _ _ _ _ _ _ _ _ _ _ _ _ _ _ _ _ _ _ _ _ _ _ _ _ _ _ _ _ _ _ _ _ _ _ _ _ _ _ _ _ _ _ _ _ _ _ _ _ _ _ _ _ _ _ _ _ _ _ _ _ _ _ _ _ _ _ _ _ _ _ _ _ _ _ _ _ _ _ _ _ _ _ _ _\n\nself = <selenium.webdriver.remote.errorhandler.ErrorHandler object at 0x00000162585AD810>\nresponse = {'status': 404, 'value': '{\"value\":{\"error\":\"no such element\",\"message\":\"no such element: Unable to locate element: {\\...]\\\\n\\\\tRtlInitializeExceptionChain [0x0x7756d6db+107]\\\\n\\\\tRtlGetAppContainerNamedObjectPath [0x0x7756d661+561]\\\\n\"}}'}\n\n    def check_response(self, response: dict[str, Any]) -> None:\n        \"\"\"Checks that a JSON response from the WebDriver does not have an\n        error.\n    \n        :Args:\n         - response - The JSON response from the WebDriver server as a dictionary\n           object.\n    \n        :Raises: If the response contains an error message.\n        \"\"\"\n        status = response.get(\"status\", None)\n        if not status or status == ErrorCode.SUCCESS:\n            return\n        value = None\n        message = response.get(\"message\", \"\")\n        screen: str = response.get(\"screen\", \"\")\n        stacktrace = None\n        if isinstance(status, int):\n            value_json = response.get(\"value\", None)\n            if value_json and isinstance(value_json, str):\n                try:\n                    value = json.loads(value_json)\n                    if isinstance(value, dict):\n                        if len(value) == 1:\n                            value = value[\"value\"]\n                        status = value.get(\"error\", None)\n                        if not status:\n                            status = value.get(\"status\", ErrorCode.UNKNOWN_ERROR)\n                            message = value.get(\"value\") or value.get(\"message\")\n                            if not isinstance(message, str):\n                                value = message\n                                message = message.get(\"message\")\n                        else:\n                            message = value.get(\"message\", None)\n                except ValueError:\n                    pass\n    \n        exception_class: type[WebDriverException]\n        e = ErrorCode()\n        error_codes = [item for item in dir(e) if not item.startswith(\"__\")]\n        for error_code in error_codes:\n            error_info = getattr(ErrorCode, error_code)\n            if isinstance(error_info, list) and status in error_info:\n                exception_class = getattr(ExceptionMapping, error_code, WebDriverException)\n                break\n        else:\n            exception_class = WebDriverException\n    \n        if not value:\n            value = response[\"value\"]\n        if isinstance(value, str):\n            raise exception_class(value)\n        if message == \"\" and \"message\" in value:\n            message = value[\"message\"]\n    \n        screen = None  # type: ignore[assignment]\n        if \"screen\" in value:\n            screen = value[\"screen\"]\n    \n        stacktrace = None\n        st_value = value.get(\"stackTrace\") or value.get(\"stacktrace\")\n        if st_value:\n            if isinstance(st_value, str):\n                stacktrace = st_value.split(\"\\n\")\n            else:\n                stacktrace = []\n                try:\n                    for frame in st_value:\n                        line = frame.get(\"lineNumber\", \"\")\n                        file = frame.get(\"fileName\", \"<anonymous>\")\n                        if line:\n                            file = f\"{file}:{line}\"\n                        meth = frame.get(\"methodName\", \"<anonymous>\")\n                        if \"className\" in frame:\n                            meth = f\"{frame['className']}.{meth}\"\n                        msg = \"    at %s (%s)\"\n                        msg = msg % (meth, file)\n                        stacktrace.append(msg)\n                except TypeError:\n                    pass\n        if exception_class == UnexpectedAlertPresentException:\n            alert_text = None\n            if \"data\" in value:\n                alert_text = value[\"data\"].get(\"text\")\n            elif \"alert\" in value:\n                alert_text = value[\"alert\"].get(\"text\")\n            raise exception_class(message, screen, stacktrace, alert_text)  # type: ignore[call-arg]  # mypy is not smart enough here\n>       raise exception_class(message, screen, stacktrace)\nE       selenium.common.exceptions.NoSuchElementException: Message: no such element: Unable to locate element: {\"method\":\"css selector\",\"selector\":\".summary_total_label\"}\nE         (Session info: chrome=140.0.7339.208); For documentation on this error, please visit: https://www.selenium.dev/documentation/webdriver/troubleshooting/errors#nosuchelementexception\nE       Stacktrace:\nE       \tGetHandleVerifier [0x0xd9c333+65459]\nE       \tGetHandleVerifier [0x0xd9c374+65524]\nE       \t(No symbol) [0x0xbbd973]\nE       \t(No symbol) [0x0xc076e7]\nE       \t(No symbol) [0x0xc07a8b]\nE       \t(No symbol) [0x0xc4dea2]\nE       \t(No symbol) [0x0xc29e44]\nE       \t(No symbol) [0x0xc4b606]\nE       \t(No symbol) [0x0xc29bf6]\nE       \t(No symbol) [0x0xbfb38e]\nE       \t(No symbol) [0x0xbfc274]\nE       \tGetHandleVerifier [0x0x101eda3+2697763]\nE       \tGetHandleVerifier [0x0x1019ec7+2677575]\nE       \tGetHandleVerifier [0x0xdc4194+228884]\nE       \tGetHandleVerifier [0x0xdb49f8+165496]\nE       \tGetHandleVerifier [0x0xdbb18d+192013]\nE       \tGetHandleVerifier [0x0xda47d8+99416]\nE       \tGetHandleVerifier [0x0xda4972+99826]\nE       \tGetHandleVerifier [0x0xd8ebea+10346]\nE       \tBaseThreadInitThunk [0x0x75b55d49+25]\nE       \tRtlInitializeExceptionChain [0x0x7756d6db+107]\nE       \tRtlGetAppContainerNamedObjectPath [0x0x7756d661+561]\n\nC:\\Users\\Виктория\\AppData\\Local\\Programs\\Python\\Python313\\Lib\\site-packages\\selenium\\webdriver\\remote\\errorhandler.py:232: NoSuchElementException","flaky":false,"newFailed":false,"newBroken":false,"newPassed":false,"retriesCount":1,"retriesStatusChange":true,"beforeStages":[{"name":"browser","time":{"start":1759349337857,"stop":1759349342573,"duration":4716},"status":"passed","steps":[{"name":"Открытие страницы интернет-магазина","time":{"start":1759349340474,"stop":1759349342573,"duration":2099},"status":"passed","steps":[],"attachments":[],"parameters":[],"attachmentsCount":0,"shouldDisplayMessage":false,"stepsCount":0,"hasContent":false,"attachmentStep":false}],"attachments":[],"parameters":[],"attachmentsCount":0,"shouldDisplayMessage":false,"stepsCount":1,"hasContent":true,"attachmentStep":false}],"testStage":{"description":"Тест проверяет корректность работы интернет-магазина","status":"broken","statusMessage":"selenium.common.exceptions.NoSuchElementException: Message: no such element: Unable to locate element: {\"method\":\"css selector\",\"selector\":\".summary_total_label\"}\n  (Session info: chrome=140.0.7339.208); For documentation on this error, please visit: https://www.selenium.dev/documentation/webdriver/troubleshooting/errors#nosuchelementexception\nStacktrace:\n\tGetHandleVerifier [0x0xd9c333+65459]\n\tGetHandleVerifier [0x0xd9c374+65524]\n\t(No symbol) [0x0xbbd973]\n\t(No symbol) [0x0xc076e7]\n\t(No symbol) [0x0xc07a8b]\n\t(No symbol) [0x0xc4dea2]\n\t(No symbol) [0x0xc29e44]\n\t(No symbol) [0x0xc4b606]\n\t(No symbol) [0x0xc29bf6]\n\t(No symbol) [0x0xbfb38e]\n\t(No symbol) [0x0xbfc274]\n\tGetHandleVerifier [0x0x101eda3+2697763]\n\tGetHandleVerifier [0x0x1019ec7+2677575]\n\tGetHandleVerifier [0x0xdc4194+228884]\n\tGetHandleVerifier [0x0xdb49f8+165496]\n\tGetHandleVerifier [0x0xdbb18d+192013]\n\tGetHandleVerifier [0x0xda47d8+99416]\n\tGetHandleVerifier [0x0xda4972+99826]\n\tGetHandleVerifier [0x0xd8ebea+10346]\n\tBaseThreadInitThunk [0x0x75b55d49+25]\n\tRtlInitializeExceptionChain [0x0x7756d6db+107]\n\tRtlGetAppContainerNamedObjectPath [0x0x7756d661+561]","statusTrace":"browser = <selenium.webdriver.chrome.webdriver.WebDriver (session=\"71a1e66bd2114c9871dfb6214b6cd518\")>\n\n    @allure.title(\"Тестирование интернет-магазина\")\n    @allure.description(\"Тест проверяет корректность работы интернет-магазина\")\n    @allure.feature(\"Интернет-магазин\")\n    @allure.severity(allure.severity_level.CRITICAL)\n    def test_internet_shop(browser):\n        main_shop_page = MainShopPage(browser)\n        with allure.step(\"Авторизация\"):\n            main_shop_page.authorization()\n    \n        products_page = ProductsPage(browser)\n        items_to_add = [\"Sauce Labs Backpack\", \"Sauce Labs Bolt T-Shirt\", \"Sauce Labs Onesie\"]\n        with allure.step(\"Добавление вещей в корзину\"):\n            products_page.add_products(items_to_add)\n        with allure.step(\"Переход в корзину\"):\n            products_page.go_to_cart()\n    \n        cart_page = CartPage(browser)\n        with allure.step(\"Получаем список товаров в корзине и сверяем его с ожидаемыми товарами\"):\n            items_in_cart = cart_page.get_products()\n            assert set(items_in_cart) == set(items_to_add), \"Состав корзины не совпадает с ожидаемым\"\n        with allure.step(\"Нажатие кнопки оформления заказа\"):\n            cart_page.push_checkout()\n    \n        order_page = OrderPage(browser)\n        with allure.step(\"Заполнение формы покупателя\"):\n            order_page.fill_form(\"Black\", \"Cat\", \"707\")\n    \n        with allure.step(\"Сравнение полученной итоговой цены товаров и ожидаемой\"):\n>           actual_price = order_page.check_total_price()\n                           ^^^^^^^^^^^^^^^^^^^^^^^^^^^^^^\n\ntest_internet_shop.py:54: \n_ _ _ _ _ _ _ _ _ _ _ _ _ _ _ _ _ _ _ _ _ _ _ _ _ _ _ _ _ _ _ _ _ _ _ _ _ _ _ _ _ _ _ _ _ _ _ _ _ _ _ _ _ _ _ _ _ _ _ _ _ _ _ _ _ _ _ _ _ _ _ _ _ _ _ _ _ _ _ _ _ _ _ _ _\n..\\Pages\\order_page.py:38: in check_total_price\n    price: str = self._driver.find_element(By.CLASS_NAME, \"summary_total_label\").text\n                 ^^^^^^^^^^^^^^^^^^^^^^^^^^^^^^^^^^^^^^^^^^^^^^^^^^^^^^^^^^^^^^^\nC:\\Users\\Виктория\\AppData\\Local\\Programs\\Python\\Python313\\Lib\\site-packages\\selenium\\webdriver\\remote\\webdriver.py:926: in find_element\n    return self.execute(Command.FIND_ELEMENT, {\"using\": by, \"value\": value})[\"value\"]\n           ^^^^^^^^^^^^^^^^^^^^^^^^^^^^^^^^^^^^^^^^^^^^^^^^^^^^^^^^^^^^^^^^^\nC:\\Users\\Виктория\\AppData\\Local\\Programs\\Python\\Python313\\Lib\\site-packages\\selenium\\webdriver\\remote\\webdriver.py:458: in execute\n    self.error_handler.check_response(response)\n_ _ _ _ _ _ _ _ _ _ _ _ _ _ _ _ _ _ _ _ _ _ _ _ _ _ _ _ _ _ _ _ _ _ _ _ _ _ _ _ _ _ _ _ _ _ _ _ _ _ _ _ _ _ _ _ _ _ _ _ _ _ _ _ _ _ _ _ _ _ _ _ _ _ _ _ _ _ _ _ _ _ _ _ _\n\nself = <selenium.webdriver.remote.errorhandler.ErrorHandler object at 0x00000162585AD810>\nresponse = {'status': 404, 'value': '{\"value\":{\"error\":\"no such element\",\"message\":\"no such element: Unable to locate element: {\\...]\\\\n\\\\tRtlInitializeExceptionChain [0x0x7756d6db+107]\\\\n\\\\tRtlGetAppContainerNamedObjectPath [0x0x7756d661+561]\\\\n\"}}'}\n\n    def check_response(self, response: dict[str, Any]) -> None:\n        \"\"\"Checks that a JSON response from the WebDriver does not have an\n        error.\n    \n        :Args:\n         - response - The JSON response from the WebDriver server as a dictionary\n           object.\n    \n        :Raises: If the response contains an error message.\n        \"\"\"\n        status = response.get(\"status\", None)\n        if not status or status == ErrorCode.SUCCESS:\n            return\n        value = None\n        message = response.get(\"message\", \"\")\n        screen: str = response.get(\"screen\", \"\")\n        stacktrace = None\n        if isinstance(status, int):\n            value_json = response.get(\"value\", None)\n            if value_json and isinstance(value_json, str):\n                try:\n                    value = json.loads(value_json)\n                    if isinstance(value, dict):\n                        if len(value) == 1:\n                            value = value[\"value\"]\n                        status = value.get(\"error\", None)\n                        if not status:\n                            status = value.get(\"status\", ErrorCode.UNKNOWN_ERROR)\n                            message = value.get(\"value\") or value.get(\"message\")\n                            if not isinstance(message, str):\n                                value = message\n                                message = message.get(\"message\")\n                        else:\n                            message = value.get(\"message\", None)\n                except ValueError:\n                    pass\n    \n        exception_class: type[WebDriverException]\n        e = ErrorCode()\n        error_codes = [item for item in dir(e) if not item.startswith(\"__\")]\n        for error_code in error_codes:\n            error_info = getattr(ErrorCode, error_code)\n            if isinstance(error_info, list) and status in error_info:\n                exception_class = getattr(ExceptionMapping, error_code, WebDriverException)\n                break\n        else:\n            exception_class = WebDriverException\n    \n        if not value:\n            value = response[\"value\"]\n        if isinstance(value, str):\n            raise exception_class(value)\n        if message == \"\" and \"message\" in value:\n            message = value[\"message\"]\n    \n        screen = None  # type: ignore[assignment]\n        if \"screen\" in value:\n            screen = value[\"screen\"]\n    \n        stacktrace = None\n        st_value = value.get(\"stackTrace\") or value.get(\"stacktrace\")\n        if st_value:\n            if isinstance(st_value, str):\n                stacktrace = st_value.split(\"\\n\")\n            else:\n                stacktrace = []\n                try:\n                    for frame in st_value:\n                        line = frame.get(\"lineNumber\", \"\")\n                        file = frame.get(\"fileName\", \"<anonymous>\")\n                        if line:\n                            file = f\"{file}:{line}\"\n                        meth = frame.get(\"methodName\", \"<anonymous>\")\n                        if \"className\" in frame:\n                            meth = f\"{frame['className']}.{meth}\"\n                        msg = \"    at %s (%s)\"\n                        msg = msg % (meth, file)\n                        stacktrace.append(msg)\n                except TypeError:\n                    pass\n        if exception_class == UnexpectedAlertPresentException:\n            alert_text = None\n            if \"data\" in value:\n                alert_text = value[\"data\"].get(\"text\")\n            elif \"alert\" in value:\n                alert_text = value[\"alert\"].get(\"text\")\n            raise exception_class(message, screen, stacktrace, alert_text)  # type: ignore[call-arg]  # mypy is not smart enough here\n>       raise exception_class(message, screen, stacktrace)\nE       selenium.common.exceptions.NoSuchElementException: Message: no such element: Unable to locate element: {\"method\":\"css selector\",\"selector\":\".summary_total_label\"}\nE         (Session info: chrome=140.0.7339.208); For documentation on this error, please visit: https://www.selenium.dev/documentation/webdriver/troubleshooting/errors#nosuchelementexception\nE       Stacktrace:\nE       \tGetHandleVerifier [0x0xd9c333+65459]\nE       \tGetHandleVerifier [0x0xd9c374+65524]\nE       \t(No symbol) [0x0xbbd973]\nE       \t(No symbol) [0x0xc076e7]\nE       \t(No symbol) [0x0xc07a8b]\nE       \t(No symbol) [0x0xc4dea2]\nE       \t(No symbol) [0x0xc29e44]\nE       \t(No symbol) [0x0xc4b606]\nE       \t(No symbol) [0x0xc29bf6]\nE       \t(No symbol) [0x0xbfb38e]\nE       \t(No symbol) [0x0xbfc274]\nE       \tGetHandleVerifier [0x0x101eda3+2697763]\nE       \tGetHandleVerifier [0x0x1019ec7+2677575]\nE       \tGetHandleVerifier [0x0xdc4194+228884]\nE       \tGetHandleVerifier [0x0xdb49f8+165496]\nE       \tGetHandleVerifier [0x0xdbb18d+192013]\nE       \tGetHandleVerifier [0x0xda47d8+99416]\nE       \tGetHandleVerifier [0x0xda4972+99826]\nE       \tGetHandleVerifier [0x0xd8ebea+10346]\nE       \tBaseThreadInitThunk [0x0x75b55d49+25]\nE       \tRtlInitializeExceptionChain [0x0x7756d6db+107]\nE       \tRtlGetAppContainerNamedObjectPath [0x0x7756d661+561]\n\nC:\\Users\\Виктория\\AppData\\Local\\Programs\\Python\\Python313\\Lib\\site-packages\\selenium\\webdriver\\remote\\errorhandler.py:232: NoSuchElementException","steps":[{"name":"Авторизация","time":{"start":1759349342574,"stop":1759349342874,"duration":300},"status":"passed","steps":[{"name":"Задает значение {username}","time":{"start":1759349342574,"stop":1759349342734,"duration":160},"status":"passed","steps":[],"attachments":[],"parameters":[],"attachmentsCount":0,"shouldDisplayMessage":false,"stepsCount":0,"hasContent":false,"attachmentStep":false},{"name":"Задает значение {password}","time":{"start":1759349342734,"stop":1759349342787,"duration":53},"status":"passed","steps":[],"attachments":[],"parameters":[],"attachmentsCount":0,"shouldDisplayMessage":false,"stepsCount":0,"hasContent":false,"attachmentStep":false},{"name":"Нажатие кнопки авторизации","time":{"start":1759349342787,"stop":1759349342874,"duration":87},"status":"passed","steps":[],"attachments":[],"parameters":[],"attachmentsCount":0,"shouldDisplayMessage":false,"stepsCount":0,"hasContent":false,"attachmentStep":false}],"attachments":[],"parameters":[],"attachmentsCount":0,"shouldDisplayMessage":false,"stepsCount":3,"hasContent":true,"attachmentStep":false},{"name":"Добавление вещей в корзину","time":{"start":1759349342874,"stop":1759349343081,"duration":207},"status":"passed","steps":[{"name":"Добавление вещей в корзину","time":{"start":1759349342874,"stop":1759349342957,"duration":83},"status":"passed","steps":[],"attachments":[],"parameters":[],"attachmentsCount":0,"shouldDisplayMessage":false,"stepsCount":0,"hasContent":false,"attachmentStep":false},{"name":"Добавление вещей в корзину","time":{"start":1759349342958,"stop":1759349343010,"duration":52},"status":"passed","steps":[],"attachments":[],"parameters":[],"attachmentsCount":0,"shouldDisplayMessage":false,"stepsCount":0,"hasContent":false,"attachmentStep":false},{"name":"Добавление вещей в корзину","time":{"start":1759349343010,"stop":1759349343081,"duration":71},"status":"passed","steps":[],"attachments":[],"parameters":[],"attachmentsCount":0,"shouldDisplayMessage":false,"stepsCount":0,"hasContent":false,"attachmentStep":false}],"attachments":[],"parameters":[],"attachmentsCount":0,"shouldDisplayMessage":false,"stepsCount":3,"hasContent":true,"attachmentStep":false},{"name":"Переход в корзину","time":{"start":1759349343081,"stop":1759349343146,"duration":65},"status":"passed","steps":[{"name":"Перейти в корзину","time":{"start":1759349343081,"stop":1759349343145,"duration":64},"status":"passed","steps":[],"attachments":[],"parameters":[],"attachmentsCount":0,"shouldDisplayMessage":false,"stepsCount":0,"hasContent":false,"attachmentStep":false}],"attachments":[],"parameters":[],"attachmentsCount":0,"shouldDisplayMessage":false,"stepsCount":1,"hasContent":true,"attachmentStep":false},{"name":"Получаем список товаров в корзине и сверяем его с ожидаемыми товарами","time":{"start":1759349343146,"stop":1759349343211,"duration":65},"status":"passed","steps":[{"name":"Отображение списка добавленных товаров","time":{"start":1759349343146,"stop":1759349343211,"duration":65},"status":"passed","steps":[],"attachments":[],"parameters":[],"attachmentsCount":0,"shouldDisplayMessage":false,"stepsCount":0,"hasContent":false,"attachmentStep":false}],"attachments":[],"parameters":[],"attachmentsCount":0,"shouldDisplayMessage":false,"stepsCount":1,"hasContent":true,"attachmentStep":false},{"name":"Нажатие кнопки оформления заказа","time":{"start":1759349343211,"stop":1759349343264,"duration":53},"status":"passed","steps":[{"name":"Нажатие кнопки оформления заказа","time":{"start":1759349343212,"stop":1759349343264,"duration":52},"status":"passed","steps":[],"attachments":[],"parameters":[],"attachmentsCount":0,"shouldDisplayMessage":false,"stepsCount":0,"hasContent":false,"attachmentStep":false}],"attachments":[],"parameters":[],"attachmentsCount":0,"shouldDisplayMessage":false,"stepsCount":1,"hasContent":true,"attachmentStep":false},{"name":"Заполнение формы покупателя","time":{"start":1759349343264,"stop":1759349343496,"duration":232},"status":"passed","steps":[{"name":"Заполнение формы: ввести {first_name} имя","time":{"start":1759349343264,"stop":1759349343331,"duration":67},"status":"passed","steps":[],"attachments":[],"parameters":[],"attachmentsCount":0,"shouldDisplayMessage":false,"stepsCount":0,"hasContent":false,"attachmentStep":false},{"name":"Заполнение формы: ввести {last_name} имя","time":{"start":1759349343331,"stop":1759349343380,"duration":49},"status":"passed","steps":[],"attachments":[],"parameters":[],"attachmentsCount":0,"shouldDisplayMessage":false,"stepsCount":0,"hasContent":false,"attachmentStep":false},{"name":"Заполнение формы: ввести {postal_code} почтовый индекс","time":{"start":1759349343381,"stop":1759349343421,"duration":40},"status":"passed","steps":[],"attachments":[],"parameters":[],"attachmentsCount":0,"shouldDisplayMessage":false,"stepsCount":0,"hasContent":false,"attachmentStep":false},{"name":"Нажать на кнопку подтверждения формы покупателя","time":{"start":1759349343422,"stop":1759349343496,"duration":74},"status":"passed","steps":[],"attachments":[],"parameters":[],"attachmentsCount":0,"shouldDisplayMessage":false,"stepsCount":0,"hasContent":false,"attachmentStep":false}],"attachments":[],"parameters":[],"attachmentsCount":0,"shouldDisplayMessage":false,"stepsCount":4,"hasContent":true,"attachmentStep":false},{"name":"Сравнение полученной итоговой цены товаров и ожидаемой","time":{"start":1759349343496,"stop":1759349343519,"duration":23},"status":"broken","statusMessage":"selenium.common.exceptions.NoSuchElementException: Message: no such element: Unable to locate element: {\"method\":\"css selector\",\"selector\":\".summary_total_label\"}\n  (Session info: chrome=140.0.7339.208); For documentation on this error, please visit: https://www.selenium.dev/documentation/webdriver/troubleshooting/errors#nosuchelementexception\nStacktrace:\n\tGetHandleVerifier [0x0xd9c333+65459]\n\tGetHandleVerifier [0x0xd9c374+65524]\n\t(No symbol) [0x0xbbd973]\n\t(No symbol) [0x0xc076e7]\n\t(No symbol) [0x0xc07a8b]\n\t(No symbol) [0x0xc4dea2]\n\t(No symbol) [0x0xc29e44]\n\t(No symbol) [0x0xc4b606]\n\t(No symbol) [0x0xc29bf6]\n\t(No symbol) [0x0xbfb38e]\n\t(No symbol) [0x0xbfc274]\n\tGetHandleVerifier [0x0x101eda3+2697763]\n\tGetHandleVerifier [0x0x1019ec7+2677575]\n\tGetHandleVerifier [0x0xdc4194+228884]\n\tGetHandleVerifier [0x0xdb49f8+165496]\n\tGetHandleVerifier [0x0xdbb18d+192013]\n\tGetHandleVerifier [0x0xda47d8+99416]\n\tGetHandleVerifier [0x0xda4972+99826]\n\tGetHandleVerifier [0x0xd8ebea+10346]\n\tBaseThreadInitThunk [0x0x75b55d49+25]\n\tRtlInitializeExceptionChain [0x0x7756d6db+107]\n\tRtlGetAppContainerNamedObjectPath [0x0x7756d661+561]\n\n","statusTrace":"  File \"c:\\Users\\Виктория\\OneDrive\\Desktop\\Python_folder\\Vakhing_homework_Python\\lesson_10\\Tests\\test_internet_shop.py\", line 54, in test_internet_shop\n    actual_price = order_page.check_total_price()\n  File \"C:\\Users\\Виктория\\OneDrive\\Desktop\\Python_folder\\Vakhing_homework_Python\\lesson_10\\Pages\\order_page.py\", line 38, in check_total_price\n    price: str = self._driver.find_element(By.CLASS_NAME, \"summary_total_label\").text\n                 ~~~~~~~~~~~~~~~~~~~~~~~~~^^^^^^^^^^^^^^^^^^^^^^^^^^^^^^^^^^^^^^\n  File \"C:\\Users\\Виктория\\AppData\\Local\\Programs\\Python\\Python313\\Lib\\site-packages\\selenium\\webdriver\\remote\\webdriver.py\", line 926, in find_element\n    return self.execute(Command.FIND_ELEMENT, {\"using\": by, \"value\": value})[\"value\"]\n           ~~~~~~~~~~~~^^^^^^^^^^^^^^^^^^^^^^^^^^^^^^^^^^^^^^^^^^^^^^^^^^^^^\n  File \"C:\\Users\\Виктория\\AppData\\Local\\Programs\\Python\\Python313\\Lib\\site-packages\\selenium\\webdriver\\remote\\webdriver.py\", line 458, in execute\n    self.error_handler.check_response(response)\n    ~~~~~~~~~~~~~~~~~~~~~~~~~~~~~~~~~^^^^^^^^^^\n  File \"C:\\Users\\Виктория\\AppData\\Local\\Programs\\Python\\Python313\\Lib\\site-packages\\selenium\\webdriver\\remote\\errorhandler.py\", line 232, in check_response\n    raise exception_class(message, screen, stacktrace)\n","steps":[],"attachments":[],"parameters":[],"attachmentsCount":0,"shouldDisplayMessage":true,"stepsCount":0,"hasContent":true,"attachmentStep":false}],"attachments":[],"parameters":[],"attachmentsCount":0,"shouldDisplayMessage":true,"stepsCount":20,"hasContent":true,"attachmentStep":false},"afterStages":[{"name":"browser::0","time":{"start":1759349343777,"stop":1759349345961,"duration":2184},"status":"passed","steps":[],"attachments":[],"parameters":[],"attachmentsCount":0,"shouldDisplayMessage":false,"stepsCount":0,"hasContent":false,"attachmentStep":false}],"labels":[{"name":"severity","value":"critical"},{"name":"feature","value":"Интернет-магазин"},{"name":"parentSuite","value":"Vakhing_homework_Python.lesson_10.Tests"},{"name":"suite","value":"test_internet_shop"},{"name":"host","value":"ISCJJ-flicks72"},{"name":"thread","value":"19128-MainThread"},{"name":"framework","value":"pytest"},{"name":"language","value":"cpython3"},{"name":"package","value":"Vakhing_homework_Python.lesson_10.Tests.test_internet_shop"},{"name":"resultFormat","value":"allure2"}],"parameters":[],"links":[],"hidden":false,"retry":false,"extra":{"severity":"critical","retries":[{"uid":"6d101cee0c97dd2e","status":"failed","statusDetails":"AssertionError: Состав корзины не совпадает с ожидаемым\nassert {'Sauce Labs ...-Shirt (Red)'} == {'Sauce Labs ... Labs Onesie'}\n  \n  Extra items in the left set:\n  \u001B[0m\u001B[33m'\u001B[39;49;00m\u001B[33mSauce Labs Fleece Jacket\u001B[39;49;00m\u001B[33m'\u001B[39;49;00m\u001B[90m\u001B[39;49;00m\n  \u001B[0m\u001B[33m'\u001B[39;49;00m\u001B[33mTest.allTheThings() T-Shirt (Red)\u001B[39;49;00m\u001B[33m'\u001B[39;49;00m\u001B[90m\u001B[39;49;00m\n  \u001B[0m\u001B[33m'\u001B[39;49;00m\u001B[33mSauce Labs Bike Light\u001B[39;49;00m\u001B[33m'\u001B[39;49;00m\u001B[90m\u001B[39;49;00m\n  Use -v to get more diff","time":{"start":1759307821910,"stop":1759307822445,"duration":535}}],"categories":[{"name":"Test defects","matchedStatuses":[]}],"history":{"statistic":{"failed":0,"broken":2,"skipped":0,"passed":0,"unknown":0,"total":2},"items":[{"uid":"fcebdcd2cc3f454f","status":"broken","statusDetails":"selenium.common.exceptions.NoSuchElementException: Message: no such element: Unable to locate element: {\"method\":\"css selector\",\"selector\":\".summary_total_label\"}\n  (Session info: chrome=140.0.7339.208); For documentation on this error, please visit: https://www.selenium.dev/documentation/webdriver/troubleshooting/errors#nosuchelementexception\nStacktrace:\n\tGetHandleVerifier [0x0xd9c333+65459]\n\tGetHandleVerifier [0x0xd9c374+65524]\n\t(No symbol) [0x0xbbd973]\n\t(No symbol) [0x0xc076e7]\n\t(No symbol) [0x0xc07a8b]\n\t(No symbol) [0x0xc4dea2]\n\t(No symbol) [0x0xc29e44]\n\t(No symbol) [0x0xc4b606]\n\t(No symbol) [0x0xc29bf6]\n\t(No symbol) [0x0xbfb38e]\n\t(No symbol) [0x0xbfc274]\n\tGetHandleVerifier [0x0x101eda3+2697763]\n\tGetHandleVerifier [0x0x1019ec7+2677575]\n\tGetHandleVerifier [0x0xdc4194+228884]\n\tGetHandleVerifier [0x0xdb49f8+165496]\n\tGetHandleVerifier [0x0xdbb18d+192013]\n\tGetHandleVerifier [0x0xda47d8+99416]\n\tGetHandleVerifier [0x0xda4972+99826]\n\tGetHandleVerifier [0x0xd8ebea+10346]\n\tBaseThreadInitThunk [0x0x75b55d49+25]\n\tRtlInitializeExceptionChain [0x0x7756d6db+107]\n\tRtlGetAppContainerNamedObjectPath [0x0x7756d661+561]","time":{"start":1759349342574,"stop":1759349343522,"duration":948}}]},"tags":[]},"source":"d09b7b2e80800bb6.json","parameterValues":[]}