{"name": "Тестирование интернет-магазина", "status": "broken", "statusDetails": {"message": "selenium.common.exceptions.NoSuchElementException: Message: no such element: Unable to locate element: {\"method\":\"css selector\",\"selector\":\".summary_total_label\"}\n  (Session info: chrome=140.0.7339.208); For documentation on this error, please visit: https://www.selenium.dev/documentation/webdriver/troubleshooting/errors#nosuchelementexception\nStacktrace:\n\tGetHandleVerifier [0x0xd9c333+65459]\n\tGetHandleVerifier [0x0xd9c374+65524]\n\t(No symbol) [0x0xbbd973]\n\t(No symbol) [0x0xc076e7]\n\t(No symbol) [0x0xc07a8b]\n\t(No symbol) [0x0xc4dea2]\n\t(No symbol) [0x0xc29e44]\n\t(No symbol) [0x0xc4b606]\n\t(No symbol) [0x0xc29bf6]\n\t(No symbol) [0x0xbfb38e]\n\t(No symbol) [0x0xbfc274]\n\tGetHandleVerifier [0x0x101eda3+2697763]\n\tGetHandleVerifier [0x0x1019ec7+2677575]\n\tGetHandleVerifier [0x0xdc4194+228884]\n\tGetHandleVerifier [0x0xdb49f8+165496]\n\tGetHandleVerifier [0x0xdbb18d+192013]\n\tGetHandleVerifier [0x0xda47d8+99416]\n\tGetHandleVerifier [0x0xda4972+99826]\n\tGetHandleVerifier [0x0xd8ebea+10346]\n\tBaseThreadInitThunk [0x0x75b55d49+25]\n\tRtlInitializeExceptionChain [0x0x7756d6db+107]\n\tRtlGetAppContainerNamedObjectPath [0x0x7756d661+561]", "trace": "browser = <selenium.webdriver.chrome.webdriver.WebDriver (session=\"71a1e66bd2114c9871dfb6214b6cd518\")>\n\n    @allure.title(\"Тестирование интернет-магазина\")\n    @allure.description(\"Тест проверяет корректность работы интернет-магазина\")\n    @allure.feature(\"Интернет-магазин\")\n    @allure.severity(allure.severity_level.CRITICAL)\n    def test_internet_shop(browser):\n        main_shop_page = MainShopPage(browser)\n        with allure.step(\"Авторизация\"):\n            main_shop_page.authorization()\n    \n        products_page = ProductsPage(browser)\n        items_to_add = [\"Sauce Labs Backpack\", \"Sauce Labs Bolt T-Shirt\", \"Sauce Labs Onesie\"]\n        with allure.step(\"Добавление вещей в корзину\"):\n            products_page.add_products(items_to_add)\n        with allure.step(\"Переход в корзину\"):\n            products_page.go_to_cart()\n    \n        cart_page = CartPage(browser)\n        with allure.step(\"Получаем список товаров в корзине и сверяем его с ожидаемыми товарами\"):\n            items_in_cart = cart_page.get_products()\n            assert set(items_in_cart) == set(items_to_add), \"Состав корзины не совпадает с ожидаемым\"\n        with allure.step(\"Нажатие кнопки оформления заказа\"):\n            cart_page.push_checkout()\n    \n        order_page = OrderPage(browser)\n        with allure.step(\"Заполнение формы покупателя\"):\n            order_page.fill_form(\"Black\", \"Cat\", \"707\")\n    \n        with allure.step(\"Сравнение полученной итоговой цены товаров и ожидаемой\"):\n>           actual_price = order_page.check_total_price()\n                           ^^^^^^^^^^^^^^^^^^^^^^^^^^^^^^\n\ntest_internet_shop.py:54: \n_ _ _ _ _ _ _ _ _ _ _ _ _ _ _ _ _ _ _ _ _ _ _ _ _ _ _ _ _ _ _ _ _ _ _ _ _ _ _ _ _ _ _ _ _ _ _ _ _ _ _ _ _ _ _ _ _ _ _ _ _ _ _ _ _ _ _ _ _ _ _ _ _ _ _ _ _ _ _ _ _ _ _ _ _\n..\\Pages\\order_page.py:38: in check_total_price\n    price: str = self._driver.find_element(By.CLASS_NAME, \"summary_total_label\").text\n                 ^^^^^^^^^^^^^^^^^^^^^^^^^^^^^^^^^^^^^^^^^^^^^^^^^^^^^^^^^^^^^^^\nC:\\Users\\Виктория\\AppData\\Local\\Programs\\Python\\Python313\\Lib\\site-packages\\selenium\\webdriver\\remote\\webdriver.py:926: in find_element\n    return self.execute(Command.FIND_ELEMENT, {\"using\": by, \"value\": value})[\"value\"]\n           ^^^^^^^^^^^^^^^^^^^^^^^^^^^^^^^^^^^^^^^^^^^^^^^^^^^^^^^^^^^^^^^^^\nC:\\Users\\Виктория\\AppData\\Local\\Programs\\Python\\Python313\\Lib\\site-packages\\selenium\\webdriver\\remote\\webdriver.py:458: in execute\n    self.error_handler.check_response(response)\n_ _ _ _ _ _ _ _ _ _ _ _ _ _ _ _ _ _ _ _ _ _ _ _ _ _ _ _ _ _ _ _ _ _ _ _ _ _ _ _ _ _ _ _ _ _ _ _ _ _ _ _ _ _ _ _ _ _ _ _ _ _ _ _ _ _ _ _ _ _ _ _ _ _ _ _ _ _ _ _ _ _ _ _ _\n\nself = <selenium.webdriver.remote.errorhandler.ErrorHandler object at 0x00000162585AD810>\nresponse = {'status': 404, 'value': '{\"value\":{\"error\":\"no such element\",\"message\":\"no such element: Unable to locate element: {\\...]\\\\n\\\\tRtlInitializeExceptionChain [0x0x7756d6db+107]\\\\n\\\\tRtlGetAppContainerNamedObjectPath [0x0x7756d661+561]\\\\n\"}}'}\n\n    def check_response(self, response: dict[str, Any]) -> None:\n        \"\"\"Checks that a JSON response from the WebDriver does not have an\n        error.\n    \n        :Args:\n         - response - The JSON response from the WebDriver server as a dictionary\n           object.\n    \n        :Raises: If the response contains an error message.\n        \"\"\"\n        status = response.get(\"status\", None)\n        if not status or status == ErrorCode.SUCCESS:\n            return\n        value = None\n        message = response.get(\"message\", \"\")\n        screen: str = response.get(\"screen\", \"\")\n        stacktrace = None\n        if isinstance(status, int):\n            value_json = response.get(\"value\", None)\n            if value_json and isinstance(value_json, str):\n                try:\n                    value = json.loads(value_json)\n                    if isinstance(value, dict):\n                        if len(value) == 1:\n                            value = value[\"value\"]\n                        status = value.get(\"error\", None)\n                        if not status:\n                            status = value.get(\"status\", ErrorCode.UNKNOWN_ERROR)\n                            message = value.get(\"value\") or value.get(\"message\")\n                            if not isinstance(message, str):\n                                value = message\n                                message = message.get(\"message\")\n                        else:\n                            message = value.get(\"message\", None)\n                except ValueError:\n                    pass\n    \n        exception_class: type[WebDriverException]\n        e = ErrorCode()\n        error_codes = [item for item in dir(e) if not item.startswith(\"__\")]\n        for error_code in error_codes:\n            error_info = getattr(ErrorCode, error_code)\n            if isinstance(error_info, list) and status in error_info:\n                exception_class = getattr(ExceptionMapping, error_code, WebDriverException)\n                break\n        else:\n            exception_class = WebDriverException\n    \n        if not value:\n            value = response[\"value\"]\n        if isinstance(value, str):\n            raise exception_class(value)\n        if message == \"\" and \"message\" in value:\n            message = value[\"message\"]\n    \n        screen = None  # type: ignore[assignment]\n        if \"screen\" in value:\n            screen = value[\"screen\"]\n    \n        stacktrace = None\n        st_value = value.get(\"stackTrace\") or value.get(\"stacktrace\")\n        if st_value:\n            if isinstance(st_value, str):\n                stacktrace = st_value.split(\"\\n\")\n            else:\n                stacktrace = []\n                try:\n                    for frame in st_value:\n                        line = frame.get(\"lineNumber\", \"\")\n                        file = frame.get(\"fileName\", \"<anonymous>\")\n                        if line:\n                            file = f\"{file}:{line}\"\n                        meth = frame.get(\"methodName\", \"<anonymous>\")\n                        if \"className\" in frame:\n                            meth = f\"{frame['className']}.{meth}\"\n                        msg = \"    at %s (%s)\"\n                        msg = msg % (meth, file)\n                        stacktrace.append(msg)\n                except TypeError:\n                    pass\n        if exception_class == UnexpectedAlertPresentException:\n            alert_text = None\n            if \"data\" in value:\n                alert_text = value[\"data\"].get(\"text\")\n            elif \"alert\" in value:\n                alert_text = value[\"alert\"].get(\"text\")\n            raise exception_class(message, screen, stacktrace, alert_text)  # type: ignore[call-arg]  # mypy is not smart enough here\n>       raise exception_class(message, screen, stacktrace)\nE       selenium.common.exceptions.NoSuchElementException: Message: no such element: Unable to locate element: {\"method\":\"css selector\",\"selector\":\".summary_total_label\"}\nE         (Session info: chrome=140.0.7339.208); For documentation on this error, please visit: https://www.selenium.dev/documentation/webdriver/troubleshooting/errors#nosuchelementexception\nE       Stacktrace:\nE       \tGetHandleVerifier [0x0xd9c333+65459]\nE       \tGetHandleVerifier [0x0xd9c374+65524]\nE       \t(No symbol) [0x0xbbd973]\nE       \t(No symbol) [0x0xc076e7]\nE       \t(No symbol) [0x0xc07a8b]\nE       \t(No symbol) [0x0xc4dea2]\nE       \t(No symbol) [0x0xc29e44]\nE       \t(No symbol) [0x0xc4b606]\nE       \t(No symbol) [0x0xc29bf6]\nE       \t(No symbol) [0x0xbfb38e]\nE       \t(No symbol) [0x0xbfc274]\nE       \tGetHandleVerifier [0x0x101eda3+2697763]\nE       \tGetHandleVerifier [0x0x1019ec7+2677575]\nE       \tGetHandleVerifier [0x0xdc4194+228884]\nE       \tGetHandleVerifier [0x0xdb49f8+165496]\nE       \tGetHandleVerifier [0x0xdbb18d+192013]\nE       \tGetHandleVerifier [0x0xda47d8+99416]\nE       \tGetHandleVerifier [0x0xda4972+99826]\nE       \tGetHandleVerifier [0x0xd8ebea+10346]\nE       \tBaseThreadInitThunk [0x0x75b55d49+25]\nE       \tRtlInitializeExceptionChain [0x0x7756d6db+107]\nE       \tRtlGetAppContainerNamedObjectPath [0x0x7756d661+561]\n\nC:\\Users\\Виктория\\AppData\\Local\\Programs\\Python\\Python313\\Lib\\site-packages\\selenium\\webdriver\\remote\\errorhandler.py:232: NoSuchElementException"}, "description": "Тест проверяет корректность работы интернет-магазина", "steps": [{"name": "Авторизация", "status": "passed", "steps": [{"name": "Задает значение {username}", "status": "passed", "start": 1759349342574, "stop": 1759349342734}, {"name": "Задает значение {password}", "status": "passed", "start": 1759349342734, "stop": 1759349342787}, {"name": "Нажатие кнопки авторизации", "status": "passed", "start": 1759349342787, "stop": 1759349342874}], "start": 1759349342574, "stop": 1759349342874}, {"name": "Добавление вещей в корзину", "status": "passed", "steps": [{"name": "Добавление вещей в корзину", "status": "passed", "start": 1759349342874, "stop": 1759349342957}, {"name": "Добавление вещей в корзину", "status": "passed", "start": 1759349342958, "stop": 1759349343010}, {"name": "Добавление вещей в корзину", "status": "passed", "start": 1759349343010, "stop": 1759349343081}], "start": 1759349342874, "stop": 1759349343081}, {"name": "Переход в корзину", "status": "passed", "steps": [{"name": "Перейти в корзину", "status": "passed", "start": 1759349343081, "stop": 1759349343145}], "start": 1759349343081, "stop": 1759349343146}, {"name": "Получаем список товаров в корзине и сверяем его с ожидаемыми товарами", "status": "passed", "steps": [{"name": "Отображение списка добавленных товаров", "status": "passed", "start": 1759349343146, "stop": 1759349343211}], "start": 1759349343146, "stop": 1759349343211}, {"name": "Нажатие кнопки оформления заказа", "status": "passed", "steps": [{"name": "Нажатие кнопки оформления заказа", "status": "passed", "start": 1759349343212, "stop": 1759349343264}], "start": 1759349343211, "stop": 1759349343264}, {"name": "Заполнение формы покупателя", "status": "passed", "steps": [{"name": "Заполнение формы: ввести {first_name} имя", "status": "passed", "start": 1759349343264, "stop": 1759349343331}, {"name": "Заполнение формы: ввести {last_name} имя", "status": "passed", "start": 1759349343331, "stop": 1759349343380}, {"name": "Заполнение формы: ввести {postal_code} почтовый индекс", "status": "passed", "start": 1759349343381, "stop": 1759349343421}, {"name": "Нажать на кнопку подтверждения формы покупателя", "status": "passed", "start": 1759349343422, "stop": 1759349343496}], "start": 1759349343264, "stop": 1759349343496}, {"name": "Сравнение полученной итоговой цены товаров и ожидаемой", "status": "broken", "statusDetails": {"message": "selenium.common.exceptions.NoSuchElementException: Message: no such element: Unable to locate element: {\"method\":\"css selector\",\"selector\":\".summary_total_label\"}\n  (Session info: chrome=140.0.7339.208); For documentation on this error, please visit: https://www.selenium.dev/documentation/webdriver/troubleshooting/errors#nosuchelementexception\nStacktrace:\n\tGetHandleVerifier [0x0xd9c333+65459]\n\tGetHandleVerifier [0x0xd9c374+65524]\n\t(No symbol) [0x0xbbd973]\n\t(No symbol) [0x0xc076e7]\n\t(No symbol) [0x0xc07a8b]\n\t(No symbol) [0x0xc4dea2]\n\t(No symbol) [0x0xc29e44]\n\t(No symbol) [0x0xc4b606]\n\t(No symbol) [0x0xc29bf6]\n\t(No symbol) [0x0xbfb38e]\n\t(No symbol) [0x0xbfc274]\n\tGetHandleVerifier [0x0x101eda3+2697763]\n\tGetHandleVerifier [0x0x1019ec7+2677575]\n\tGetHandleVerifier [0x0xdc4194+228884]\n\tGetHandleVerifier [0x0xdb49f8+165496]\n\tGetHandleVerifier [0x0xdbb18d+192013]\n\tGetHandleVerifier [0x0xda47d8+99416]\n\tGetHandleVerifier [0x0xda4972+99826]\n\tGetHandleVerifier [0x0xd8ebea+10346]\n\tBaseThreadInitThunk [0x0x75b55d49+25]\n\tRtlInitializeExceptionChain [0x0x7756d6db+107]\n\tRtlGetAppContainerNamedObjectPath [0x0x7756d661+561]\n\n", "trace": "  File \"c:\\Users\\Виктория\\OneDrive\\Desktop\\Python_folder\\Vakhing_homework_Python\\lesson_10\\Tests\\test_internet_shop.py\", line 54, in test_internet_shop\n    actual_price = order_page.check_total_price()\n  File \"C:\\Users\\Виктория\\OneDrive\\Desktop\\Python_folder\\Vakhing_homework_Python\\lesson_10\\Pages\\order_page.py\", line 38, in check_total_price\n    price: str = self._driver.find_element(By.CLASS_NAME, \"summary_total_label\").text\n                 ~~~~~~~~~~~~~~~~~~~~~~~~~^^^^^^^^^^^^^^^^^^^^^^^^^^^^^^^^^^^^^^\n  File \"C:\\Users\\Виктория\\AppData\\Local\\Programs\\Python\\Python313\\Lib\\site-packages\\selenium\\webdriver\\remote\\webdriver.py\", line 926, in find_element\n    return self.execute(Command.FIND_ELEMENT, {\"using\": by, \"value\": value})[\"value\"]\n           ~~~~~~~~~~~~^^^^^^^^^^^^^^^^^^^^^^^^^^^^^^^^^^^^^^^^^^^^^^^^^^^^^\n  File \"C:\\Users\\Виктория\\AppData\\Local\\Programs\\Python\\Python313\\Lib\\site-packages\\selenium\\webdriver\\remote\\webdriver.py\", line 458, in execute\n    self.error_handler.check_response(response)\n    ~~~~~~~~~~~~~~~~~~~~~~~~~~~~~~~~~^^^^^^^^^^\n  File \"C:\\Users\\Виктория\\AppData\\Local\\Programs\\Python\\Python313\\Lib\\site-packages\\selenium\\webdriver\\remote\\errorhandler.py\", line 232, in check_response\n    raise exception_class(message, screen, stacktrace)\n"}, "start": 1759349343496, "stop": 1759349343519}], "start": 1759349342574, "stop": 1759349343522, "uuid": "86c21474-39ec-4787-873e-9f26c519f867", "historyId": "075d4866f91fb18b9a8e9a18e5217167", "testCaseId": "075d4866f91fb18b9a8e9a18e5217167", "fullName": "Vakhing_homework_Python.lesson_10.Tests.test_internet_shop#test_internet_shop", "labels": [{"name": "severity", "value": "critical"}, {"name": "feature", "value": "Интернет-магазин"}, {"name": "parentSuite", "value": "Vakhing_homework_Python.lesson_10.Tests"}, {"name": "suite", "value": "test_internet_shop"}, {"name": "host", "value": "ISCJJ-flicks72"}, {"name": "thread", "value": "19128-MainThread"}, {"name": "framework", "value": "pytest"}, {"name": "language", "value": "cpython3"}, {"name": "package", "value": "Vakhing_homework_Python.lesson_10.Tests.test_internet_shop"}], "titlePath": ["Vakhing_homework_Python", "lesson_10", "Tests", "test_internet_shop.py"]}